# JRE version: OpenJDK Runtime Environment (11.0.12+7) (build 11.0.12+7-b1504.28-7817840)
# Java VM: OpenJDK 64-Bit Server VM (11.0.12+7-b1504.28-7817840, mixed mode, tiered, compressed oops, g1 gc, windows-amd64)
Heap:
 garbage-first heap   total 194560K, used 129641K [0x0000000080000000, 0x0000000100000000)
  region size 1024K, 9 young (9216K), 2 survivors (2048K)
 Metaspace       used 117145K, capacity 120293K, committed 120312K, reserved 1191936K
  class space    used 14973K, capacity 16201K, committed 16204K, reserved 1048576K
GC Heap History (20 events):
Event: 23.662 GC heap before
{Heap before GC invocations=22 (full 0):
 garbage-first heap   total 194560K, used 155176K [0x0000000080000000, 0x0000000100000000)
  region size 1024K, 66 young (67584K), 2 survivors (2048K)
 Metaspace       used 103772K, capacity 106130K, committed 106616K, reserved 1142784K
  class space    used 13256K, capacity 14135K, committed 14284K, reserved 1048576K
}
Event: 23.683 GC heap after
{Heap after GC invocations=23 (full 0):
 garbage-first heap   total 194560K, used 99159K [0x0000000080000000, 0x0000000100000000)
  region size 1024K, 9 young (9216K), 9 survivors (9216K)
 Metaspace       used 103772K, capacity 106130K, committed 106616K, reserved 1142784K
  class space    used 13256K, capacity 14135K, committed 14284K, reserved 1048576K
}
Event: 25.027 GC heap before
{Heap before GC invocations=24 (full 0):
 garbage-first heap   total 194560K, used 160599K [0x0000000080000000, 0x0000000100000000)
  region size 1024K, 67 young (68608K), 9 survivors (9216K)
 Metaspace       used 105352K, capacity 107889K, committed 108024K, reserved 1142784K
  class space    used 13371K, capacity 14310K, committed 14412K, reserved 1048576K
}
Event: 25.048 GC heap after
{Heap after GC invocations=25 (full 0):
 garbage-first heap   total 194560K, used 113191K [0x0000000080000000, 0x0000000100000000)
  region size 1024K, 9 young (9216K), 9 survivors (9216K)
 Metaspace       used 105352K, capacity 107889K, committed 108024K, reserved 1142784K
  class space    used 13371K, capacity 14310K, committed 14412K, reserved 1048576K
}
Event: 25.055 GC heap before
{Heap before GC invocations=25 (full 0):
 garbage-first heap   total 194560K, used 114215K [0x0000000080000000, 0x0000000100000000)
  region size 1024K, 10 young (10240K), 9 survivors (9216K)
 Metaspace       used 105361K, capacity 107890K, committed 108024K, reserved 1142784K
  class space    used 13371K, capacity 14310K, committed 14412K, reserved 1048576K
}
Event: 25.065 GC heap after
{Heap after GC invocations=26 (full 0):
 garbage-first heap   total 194560K, used 114458K [0x0000000080000000, 0x0000000100000000)
  region size 1024K, 2 young (2048K), 2 survivors (2048K)
 Metaspace       used 105361K, capacity 107890K, committed 108024K, reserved 1142784K
  class space    used 13371K, capacity 14310K, committed 14412K, reserved 1048576K
}
Event: 25.775 GC heap before
{Heap before GC invocations=26 (full 0):
 garbage-first heap   total 194560K, used 157466K [0x0000000080000000, 0x0000000100000000)
  region size 1024K, 44 young (45056K), 2 survivors (2048K)
 Metaspace       used 107049K, capacity 109600K, committed 109688K, reserved 1144832K
  class space    used 13520K, capacity 14493K, committed 14540K, reserved 1048576K
}
Event: 25.783 GC heap after
{Heap after GC invocations=27 (full 0):
 garbage-first heap   total 194560K, used 116512K [0x0000000080000000, 0x0000000100000000)
  region size 1024K, 4 young (4096K), 4 survivors (4096K)
 Metaspace       used 107049K, capacity 109600K, committed 109688K, reserved 1144832K
  class space    used 13520K, capacity 14493K, committed 14540K, reserved 1048576K
}
Event: 26.604 GC heap before
{Heap before GC invocations=28 (full 0):
 garbage-first heap   total 194560K, used 159520K [0x0000000080000000, 0x0000000100000000)
  region size 1024K, 46 young (47104K), 4 survivors (4096K)
 Metaspace       used 107599K, capacity 110182K, committed 110456K, reserved 1144832K
  class space    used 13521K, capacity 14491K, committed 14540K, reserved 1048576K
}
Event: 26.612 GC heap after
{Heap after GC invocations=29 (full 0):
 garbage-first heap   total 194560K, used 118113K [0x0000000080000000, 0x0000000100000000)
  region size 1024K, 5 young (5120K), 5 survivors (5120K)
 Metaspace       used 107599K, capacity 110182K, committed 110456K, reserved 1144832K
  class space    used 13521K, capacity 14491K, committed 14540K, reserved 1048576K
}
Event: 26.705 GC heap before
{Heap before GC invocations=29 (full 0):
 garbage-first heap   total 194560K, used 122209K [0x0000000080000000, 0x0000000100000000)
  region size 1024K, 9 young (9216K), 5 survivors (5120K)
 Metaspace       used 107659K, capacity 110184K, committed 110456K, reserved 1144832K
  class space    used 13521K, capacity 14491K, committed 14540K, reserved 1048576K
}
Event: 26.711 GC heap after
{Heap after GC invocations=30 (full 0):
 garbage-first heap   total 194560K, used 117761K [0x0000000080000000, 0x0000000100000000)
  region size 1024K, 1 young (1024K), 1 survivors (1024K)
 Metaspace       used 107659K, capacity 110184K, committed 110456K, reserved 1144832K
  class space    used 13521K, capacity 14491K, committed 14540K, reserved 1048576K
}
Event: 27.281 GC heap before
{Heap before GC invocations=30 (full 0):
 garbage-first heap   total 194560K, used 164865K [0x0000000080000000, 0x0000000100000000)
  region size 1024K, 44 young (45056K), 1 survivors (1024K)
 Metaspace       used 109045K, capacity 111604K, committed 111736K, reserved 1146880K
  class space    used 13706K, capacity 14675K, committed 14796K, reserved 1048576K
}
Event: 27.291 GC heap after
{Heap after GC invocations=31 (full 0):
 garbage-first heap   total 194560K, used 119702K [0x0000000080000000, 0x0000000100000000)
  region size 1024K, 3 young (3072K), 3 survivors (3072K)
 Metaspace       used 109045K, capacity 111604K, committed 111736K, reserved 1146880K
  class space    used 13706K, capacity 14675K, committed 14796K, reserved 1048576K
}
Event: 27.778 GC heap before
{Heap before GC invocations=32 (full 0):
 garbage-first heap   total 194560K, used 162710K [0x0000000080000000, 0x0000000100000000)
  region size 1024K, 46 young (47104K), 3 survivors (3072K)
 Metaspace       used 113663K, capacity 116515K, committed 116856K, reserved 1150976K
  class space    used 14358K, capacity 15432K, committed 15564K, reserved 1048576K
}
Event: 27.794 GC heap after
{Heap after GC invocations=33 (full 0):
 garbage-first heap   total 194560K, used 128706K [0x0000000080000000, 0x0000000100000000)
  region size 1024K, 6 young (6144K), 6 survivors (6144K)
 Metaspace       used 113663K, capacity 116515K, committed 116856K, reserved 1150976K
  class space    used 14358K, capacity 15432K, committed 15564K, reserved 1048576K
}
Event: 27.809 GC heap before
{Heap before GC invocations=33 (full 0):
 garbage-first heap   total 194560K, used 130754K [0x0000000080000000, 0x0000000100000000)
  region size 1024K, 9 young (9216K), 6 survivors (6144K)
 Metaspace       used 113877K, capacity 116707K, committed 116856K, reserved 1150976K
  class space    used 14387K, capacity 15432K, committed 15564K, reserved 1048576K
}
Event: 27.828 GC heap after
{Heap after GC invocations=34 (full 0):
 garbage-first heap   total 194560K, used 123973K [0x0000000080000000, 0x0000000100000000)
  region size 1024K, 2 young (2048K), 2 survivors (2048K)
 Metaspace       used 113877K, capacity 116707K, committed 116856K, reserved 1150976K
  class space    used 14387K, capacity 15432K, committed 15564K, reserved 1048576K
}
Event: 28.014 GC heap before
{Heap before GC invocations=34 (full 0):
 garbage-first heap   total 194560K, used 137285K [0x0000000080000000, 0x0000000100000000)
  region size 1024K, 17 young (17408K), 2 survivors (2048K)
 Metaspace       used 115942K, capacity 119023K, committed 119160K, reserved 1163264K
  class space    used 14771K, capacity 15981K, committed 16076K, reserved 1048576K
}
Event: 28.023 GC heap after
{Heap after GC invocations=35 (full 0):
 garbage-first heap   total 194560K, used 124521K [0x0000000080000000, 0x0000000100000000)
  region size 1024K, 2 young (2048K), 2 survivors (2048K)
 Metaspace       used 115942K, capacity 119023K, committed 119160K, reserved 1163264K
  class space    used 14771K, capacity 15981K, committed 16076K, reserved 1048576K
}

